<?xml version="1.0" encoding="UTF-8"?>
<!-- Generated by org.testng.reporters.JUnitReportReporter -->
<testsuite hostname="DESKTOP-QJ9BFKC" name="Test.TestRunner" tests="1" failures="0" timestamp="13 Jan 2022 04:44:51 GMT" time="7.481" errors="0">
  <testcase name="newtest" time="7.481" classname="Test.TestRunner"/>
</testsuite> <!-- Test.TestRunner -->
