<?xml version="1.0" encoding="UTF-8"?>
<!-- Generated by org.testng.reporters.JUnitReportReporter -->
<testsuite hostname="DESKTOP-QJ9BFKC" name="Test.Task" tests="1" failures="0" timestamp="13 Jan 2022 06:56:02 GMT" time="69.202" errors="0">
  <testcase name="firstTask" time="69.202" classname="Test.Task"/>
</testsuite> <!-- Test.Task -->
